<?xml version="1.0" encoding="UTF-8"?>
<testsuite name="hello.core.lifecycle.BeanLifeCycleTest" tests="1" skipped="0" failures="0" errors="0" timestamp="2025-06-11T11:50:30.915Z" hostname="odong-gyus-MacBook-Air.local" time="0.341">
  <properties/>
  <testcase name="lifeCycleTest()" classname="hello.core.lifecycle.BeanLifeCycleTest" time="0.341"/>
  <system-out><![CDATA[20:50:31.136 [Test worker] DEBUG o.s.c.a.AnnotationConfigApplicationContext -- Refreshing org.springframework.context.annotation.AnnotationConfigApplicationContext@6035b93b
20:50:31.144 [Test worker] DEBUG o.s.b.f.s.DefaultListableBeanFactory -- Creating shared instance of singleton bean 'org.springframework.context.annotation.internalConfigurationAnnotationProcessor'
20:50:31.206 [Test worker] DEBUG o.s.b.f.s.DefaultListableBeanFactory -- Creating shared instance of singleton bean 'org.springframework.context.event.internalEventListenerProcessor'
20:50:31.209 [Test worker] DEBUG o.s.b.f.s.DefaultListableBeanFactory -- Creating shared instance of singleton bean 'org.springframework.context.event.internalEventListenerFactory'
20:50:31.210 [Test worker] DEBUG o.s.b.f.s.DefaultListableBeanFactory -- Creating shared instance of singleton bean 'org.springframework.context.annotation.internalAutowiredAnnotationProcessor'
20:50:31.211 [Test worker] DEBUG o.s.b.f.s.DefaultListableBeanFactory -- Creating shared instance of singleton bean 'org.springframework.context.annotation.internalCommonAnnotationProcessor'
20:50:31.215 [Test worker] DEBUG o.s.b.f.s.DefaultListableBeanFactory -- Creating shared instance of singleton bean 'beanLifeCycleTest.LifeCycleConfig'
20:50:31.218 [Test worker] DEBUG o.s.b.f.s.DefaultListableBeanFactory -- Creating shared instance of singleton bean 'networkClient'
생성자 호출, url = null
NetworkClient.afterPropertiesSet
connect: http://hello-spring.dev
call: http://hello-spring.dev message = 초기화 연결 메시지
20:50:31.237 [Test worker] DEBUG o.s.c.a.AnnotationConfigApplicationContext -- Closing org.springframework.context.annotation.AnnotationConfigApplicationContext@6035b93b, started on Wed Jun 11 20:50:31 KST 2025
NetworkClient.destroy
close: http://hello-spring.dev
]]></system-out>
  <system-err><![CDATA[]]></system-err>
</testsuite>
