<?xml version="1.0" encoding="UTF-8"?>
<testsuite name="hello.core.singleton.StatefulServiceTest" tests="1" skipped="0" failures="0" errors="0" timestamp="2025-06-09T07:52:04.871Z" hostname="odong-gyus-MacBook-Air.local" time="0.007">
  <properties/>
  <testcase name="statefulServiceSingleton()" classname="hello.core.singleton.StatefulServiceTest" time="0.007"/>
  <system-out><![CDATA[16:52:04.872 [Test worker] DEBUG o.s.c.a.AnnotationConfigApplicationContext -- Refreshing org.springframework.context.annotation.AnnotationConfigApplicationContext@2eb0cefe
16:52:04.872 [Test worker] DEBUG o.s.b.f.s.DefaultListableBeanFactory -- Creating shared instance of singleton bean 'org.springframework.context.annotation.internalConfigurationAnnotationProcessor'
16:52:04.876 [Test worker] DEBUG o.s.b.f.s.DefaultListableBeanFactory -- Creating shared instance of singleton bean 'org.springframework.context.event.internalEventListenerProcessor'
16:52:04.876 [Test worker] DEBUG o.s.b.f.s.DefaultListableBeanFactory -- Creating shared instance of singleton bean 'org.springframework.context.event.internalEventListenerFactory'
16:52:04.876 [Test worker] DEBUG o.s.b.f.s.DefaultListableBeanFactory -- Creating shared instance of singleton bean 'org.springframework.context.annotation.internalAutowiredAnnotationProcessor'
16:52:04.877 [Test worker] DEBUG o.s.b.f.s.DefaultListableBeanFactory -- Creating shared instance of singleton bean 'org.springframework.context.annotation.internalCommonAnnotationProcessor'
16:52:04.877 [Test worker] DEBUG o.s.b.f.s.DefaultListableBeanFactory -- Creating shared instance of singleton bean 'statefulServiceTest.TestConfig'
16:52:04.878 [Test worker] DEBUG o.s.b.f.s.DefaultListableBeanFactory -- Creating shared instance of singleton bean 'statefulService'
name = userA, price = 10000
name = userB, price = 20000
price = 10000
]]></system-out>
  <system-err><![CDATA[]]></system-err>
</testsuite>
