<?xml version="1.0" encoding="UTF-8"?>
<testsuite name="hello.core.singleton.SingletonTest" tests="1" skipped="0" failures="0" errors="0" timestamp="2025-06-06T02:57:34.113Z" hostname="odong-gyus-MacBook-Air.local" time="0.039">
  <properties/>
  <testcase name="스프링 없는 순수한 DI 컨테이너" classname="hello.core.singleton.SingletonTest" time="0.039"/>
  <system-out><![CDATA[memberService1 = hello.core.member.MemberServiceImpl@78fa769e
memberService2 = hello.core.member.MemberServiceImpl@62656be4
]]></system-out>
  <system-err><![CDATA[]]></system-err>
</testsuite>
