<?xml version="1.0" encoding="UTF-8"?>
<testsuite name="hello.core.xml.XmlAppContext" tests="1" skipped="0" failures="0" errors="0" timestamp="2025-06-09T07:52:04.878Z" hostname="odong-gyus-MacBook-Air.local" time="0.056">
  <properties/>
  <testcase name="xmlAppContext()" classname="hello.core.xml.XmlAppContext" time="0.056"/>
  <system-out><![CDATA[16:52:04.933 [Test worker] DEBUG o.s.b.f.xml.XmlBeanDefinitionReader -- Loaded 4 bean definitions from class path resource [appConfig.xml]
16:52:04.933 [Test worker] DEBUG o.s.c.s.GenericXmlApplicationContext -- Refreshing org.springframework.context.support.GenericXmlApplicationContext@4f235107
16:52:04.933 [Test worker] DEBUG o.s.b.f.s.DefaultListableBeanFactory -- Creating shared instance of singleton bean 'memberService'
16:52:04.933 [Test worker] DEBUG o.s.b.f.s.DefaultListableBeanFactory -- Creating shared instance of singleton bean 'memberRepository'
16:52:04.934 [Test worker] DEBUG o.s.b.f.s.DefaultListableBeanFactory -- Creating shared instance of singleton bean 'orderService'
16:52:04.934 [Test worker] DEBUG o.s.b.f.s.DefaultListableBeanFactory -- Creating shared instance of singleton bean 'discountPolicy'
memberRepository = hello.core.member.MemoryMemberRepository@340afaf8
discountPolicy = hello.core.discount.RateDiscountPolicy@6238d5e0
]]></system-out>
  <system-err><![CDATA[]]></system-err>
</testsuite>
