<?xml version="1.0" encoding="UTF-8"?>
<testsuite name="hello.core.scan.AutoAppConfigTest" tests="1" skipped="0" failures="0" errors="0" timestamp="2025-06-07T12:00:13.509Z" hostname="odong-gyus-MacBook-Air.local" time="0.311">
  <properties/>
  <testcase name="basicScan()" classname="hello.core.scan.AutoAppConfigTest" time="0.311"/>
  <system-out><![CDATA[21:00:13.660 [Test worker] DEBUG o.s.c.a.AnnotationConfigApplicationContext -- Refreshing org.springframework.context.annotation.AnnotationConfigApplicationContext@6035b93b
21:00:13.667 [Test worker] DEBUG o.s.b.f.s.DefaultListableBeanFactory -- Creating shared instance of singleton bean 'org.springframework.context.annotation.internalConfigurationAnnotationProcessor'
21:00:13.716 [Test worker] DEBUG o.s.c.a.ClassPathBeanDefinitionScanner -- Identified candidate component class: file [/Users/ohdonggyu/Documents/study/KimEnKor_Spring/SpringbootStudy/core/build/classes/java/main/hello/core/discount/RateDiscountPolicy.class]
21:00:13.717 [Test worker] DEBUG o.s.c.a.ClassPathBeanDefinitionScanner -- Identified candidate component class: file [/Users/ohdonggyu/Documents/study/KimEnKor_Spring/SpringbootStudy/core/build/classes/java/main/hello/core/member/MemberServiceImpl.class]
21:00:13.717 [Test worker] DEBUG o.s.c.a.ClassPathBeanDefinitionScanner -- Identified candidate component class: file [/Users/ohdonggyu/Documents/study/KimEnKor_Spring/SpringbootStudy/core/build/classes/java/main/hello/core/member/MemoryMemberRepository.class]
21:00:13.718 [Test worker] DEBUG o.s.c.a.ClassPathBeanDefinitionScanner -- Identified candidate component class: file [/Users/ohdonggyu/Documents/study/KimEnKor_Spring/SpringbootStudy/core/build/classes/java/main/hello/core/order/OrderServiceImpl.class]
21:00:13.726 [Test worker] DEBUG o.s.b.f.s.DefaultListableBeanFactory -- Overriding bean definition for bean 'memoryMemberRepository' with a different definition: replacing [Generic bean: class=hello.core.member.MemoryMemberRepository; scope=singleton; abstract=false; lazyInit=null; autowireMode=0; dependencyCheck=0; autowireCandidate=true; primary=false; fallback=false; factoryBeanName=null; factoryMethodName=null; initMethodNames=null; destroyMethodNames=null; defined in file [/Users/ohdonggyu/Documents/study/KimEnKor_Spring/SpringbootStudy/core/build/classes/java/main/hello/core/member/MemoryMemberRepository.class]] with [Root bean: class=null; scope=; abstract=false; lazyInit=null; autowireMode=3; dependencyCheck=0; autowireCandidate=true; primary=false; fallback=false; factoryBeanName=autoAppConfig; factoryMethodName=memoryMemberRepository; initMethodNames=null; destroyMethodNames=[(inferred)]; defined in hello.core.AutoAppConfig]
21:00:13.766 [Test worker] DEBUG o.s.b.f.s.DefaultListableBeanFactory -- Creating shared instance of singleton bean 'org.springframework.context.event.internalEventListenerProcessor'
21:00:13.770 [Test worker] DEBUG o.s.b.f.s.DefaultListableBeanFactory -- Creating shared instance of singleton bean 'org.springframework.context.event.internalEventListenerFactory'
21:00:13.770 [Test worker] DEBUG o.s.b.f.s.DefaultListableBeanFactory -- Creating shared instance of singleton bean 'org.springframework.context.annotation.internalAutowiredAnnotationProcessor'
21:00:13.771 [Test worker] DEBUG o.s.b.f.s.DefaultListableBeanFactory -- Creating shared instance of singleton bean 'org.springframework.context.annotation.internalCommonAnnotationProcessor'
21:00:13.775 [Test worker] DEBUG o.s.b.f.s.DefaultListableBeanFactory -- Creating shared instance of singleton bean 'autoAppConfig'
21:00:13.777 [Test worker] DEBUG o.s.b.f.s.DefaultListableBeanFactory -- Creating shared instance of singleton bean 'rateDiscountPolicy'
21:00:13.777 [Test worker] DEBUG o.s.b.f.s.DefaultListableBeanFactory -- Creating shared instance of singleton bean 'memberServiceImpl'
21:00:13.781 [Test worker] DEBUG o.s.b.f.s.DefaultListableBeanFactory -- Creating shared instance of singleton bean 'memoryMemberRepository'
21:00:13.782 [Test worker] DEBUG o.s.b.f.s.DefaultListableBeanFactory -- Autowiring by type from bean name 'memberServiceImpl' via constructor to bean named 'memoryMemberRepository'
21:00:13.782 [Test worker] DEBUG o.s.b.f.s.DefaultListableBeanFactory -- Creating shared instance of singleton bean 'orderServiceImpl'
21:00:13.783 [Test worker] DEBUG o.s.b.f.s.DefaultListableBeanFactory -- Autowiring by type from bean name 'orderServiceImpl' via constructor to bean named 'memoryMemberRepository'
21:00:13.783 [Test worker] DEBUG o.s.b.f.s.DefaultListableBeanFactory -- Autowiring by type from bean name 'orderServiceImpl' via constructor to bean named 'rateDiscountPolicy'
memberRepository = hello.core.member.MemoryMemberRepository@49b07ee3
discountPolicy = hello.core.discount.RateDiscountPolicy@352e612e
memberRepository = hello.core.member.MemoryMemberRepository@49b07ee3
discountPolicy = hello.core.discount.RateDiscountPolicy@352e612e
]]></system-out>
  <system-err><![CDATA[]]></system-err>
</testsuite>
