<?xml version="1.0" encoding="UTF-8"?>
<testsuite name="hello.core.singleton.ConfigurationSingletonTest" tests="2" skipped="0" failures="0" errors="0" timestamp="2025-06-07T08:05:22.948Z" hostname="odong-gyus-MacBook-Air.local" time="0.011">
  <properties/>
  <testcase name="configurationDeep()" classname="hello.core.singleton.ConfigurationSingletonTest" time="0.006"/>
  <testcase name="configurationTest()" classname="hello.core.singleton.ConfigurationSingletonTest" time="0.004"/>
  <system-out><![CDATA[call AppConfig.memberService
call AppConfig.memberRepository
call AppConfig.orderService
bean.getClass() = class hello.core.AppConfig$$SpringCGLIB$$0
call AppConfig.memberService
call AppConfig.memberRepository
call AppConfig.orderService
memberService -> memberRepository = hello.core.member.MemoryMemberRepository@9df564f
orderService -> memberRepository = hello.core.member.MemoryMemberRepository@9df564f
memberRepository -> memberRepository = hello.core.member.MemoryMemberRepository@9df564f
]]></system-out>
  <system-err><![CDATA[]]></system-err>
</testsuite>
