<?xml version="1.0" encoding="UTF-8"?>
<testsuite name="hello.core.lifecycle.BeanLifeCycleTest" tests="1" skipped="0" failures="0" errors="0" timestamp="2025-06-11T11:30:25.021Z" hostname="odong-gyus-MacBook-Air.local" time="0.251">
  <properties/>
  <testcase name="lifeCycleTest()" classname="hello.core.lifecycle.BeanLifeCycleTest" time="0.251"/>
  <system-out><![CDATA[20:30:25.181 [Test worker] DEBUG o.s.c.a.AnnotationConfigApplicationContext -- Refreshing org.springframework.context.annotation.AnnotationConfigApplicationContext@6035b93b
20:30:25.189 [Test worker] DEBUG o.s.b.f.s.DefaultListableBeanFactory -- Creating shared instance of singleton bean 'org.springframework.context.annotation.internalConfigurationAnnotationProcessor'
20:30:25.242 [Test worker] DEBUG o.s.b.f.s.DefaultListableBeanFactory -- Creating shared instance of singleton bean 'org.springframework.context.event.internalEventListenerProcessor'
20:30:25.245 [Test worker] DEBUG o.s.b.f.s.DefaultListableBeanFactory -- Creating shared instance of singleton bean 'org.springframework.context.event.internalEventListenerFactory'
20:30:25.246 [Test worker] DEBUG o.s.b.f.s.DefaultListableBeanFactory -- Creating shared instance of singleton bean 'org.springframework.context.annotation.internalAutowiredAnnotationProcessor'
20:30:25.247 [Test worker] DEBUG o.s.b.f.s.DefaultListableBeanFactory -- Creating shared instance of singleton bean 'org.springframework.context.annotation.internalCommonAnnotationProcessor'
20:30:25.251 [Test worker] DEBUG o.s.b.f.s.DefaultListableBeanFactory -- Creating shared instance of singleton bean 'beanLifeCycleTest.LifeCycleConfig'
20:30:25.253 [Test worker] DEBUG o.s.b.f.s.DefaultListableBeanFactory -- Creating shared instance of singleton bean 'networkClient'
생성자 호출, url = null
connect: null
call: null message = 초기화 연결 메시지
20:30:25.269 [Test worker] DEBUG o.s.c.a.AnnotationConfigApplicationContext -- Closing org.springframework.context.annotation.AnnotationConfigApplicationContext@6035b93b, started on Wed Jun 11 20:30:25 KST 2025
]]></system-out>
  <system-err><![CDATA[]]></system-err>
</testsuite>
