<?xml version="1.0" encoding="UTF-8"?>
<testsuite name="hello.core.xml.XmlAppContext" tests="1" skipped="0" failures="0" errors="0" timestamp="2025-06-07T08:05:22.972Z" hostname="odong-gyus-MacBook-Air.local" time="0.069">
  <properties/>
  <testcase name="xmlAppContext()" classname="hello.core.xml.XmlAppContext" time="0.069"/>
  <system-out><![CDATA[]]></system-out>
  <system-err><![CDATA[]]></system-err>
</testsuite>
