<?xml version="1.0" encoding="UTF-8"?>
<testsuite name="hello.core.CoreApplicationTests" tests="1" skipped="0" failures="0" errors="0" timestamp="2025-06-07T08:05:22.375Z" hostname="odong-gyus-MacBook-Air.local" time="0.443">
  <properties/>
  <testcase name="contextLoads()" classname="hello.core.CoreApplicationTests" time="0.443"/>
  <system-out><![CDATA[17:05:21.860 [Test worker] INFO org.springframework.test.context.support.AnnotationConfigContextLoaderUtils -- Could not detect default configuration classes for test class [hello.core.CoreApplicationTests]: CoreApplicationTests does not declare any static, non-private, non-final, nested classes annotated with @Configuration.
17:05:21.919 [Test worker] INFO org.springframework.boot.test.context.SpringBootTestContextBootstrapper -- Found @SpringBootConfiguration hello.core.CoreApplication for test class hello.core.CoreApplicationTests

  .   ____          _            __ _ _
 /\\ / ___'_ __ _ _(_)_ __  __ _ \ \ \ \
( ( )\___ | '_ | '_| | '_ \/ _` | \ \ \ \
 \\/  ___)| |_)| | | | | || (_| |  ) ) ) )
  '  |____| .__|_| |_|_| |_\__, | / / / /
 =========|_|==============|___/=/_/_/_/

 :: Spring Boot ::                (v3.5.0)

2025-06-07T17:05:22.123+09:00  INFO 26039 --- [core] [    Test worker] hello.core.CoreApplicationTests          : Starting CoreApplicationTests using Java 17.0.15 with PID 26039 (started by ohdonggyu in /Users/ohdonggyu/Documents/study/KimEnKor_Spring/SpringbootStudy/core)
2025-06-07T17:05:22.124+09:00  INFO 26039 --- [core] [    Test worker] hello.core.CoreApplicationTests          : No active profile set, falling back to 1 default profile: "default"
call AppConfig.memberService
call AppConfig.memberRepository
call AppConfig.orderService
2025-06-07T17:05:22.372+09:00  INFO 26039 --- [core] [    Test worker] hello.core.CoreApplicationTests          : Started CoreApplicationTests in 0.379 seconds (process running for 0.91)
]]></system-out>
  <system-err><![CDATA[]]></system-err>
</testsuite>
