<?xml version="1.0" encoding="UTF-8"?>
<testsuite name="hello.core.scan.AutoAppConfigTest" tests="1" skipped="0" failures="0" errors="0" timestamp="2025-06-07T10:04:15.736Z" hostname="odong-gyus-MacBook-Air.local" time="0.301">
  <properties/>
  <testcase name="basicScan()" classname="hello.core.scan.AutoAppConfigTest" time="0.301"/>
  <system-out><![CDATA[19:04:15.884 [Test worker] DEBUG o.s.c.a.AnnotationConfigApplicationContext -- Refreshing org.springframework.context.annotation.AnnotationConfigApplicationContext@6035b93b
19:04:15.891 [Test worker] DEBUG o.s.b.f.s.DefaultListableBeanFactory -- Creating shared instance of singleton bean 'org.springframework.context.annotation.internalConfigurationAnnotationProcessor'
19:04:15.938 [Test worker] DEBUG o.s.c.a.ClassPathBeanDefinitionScanner -- Identified candidate component class: file [/Users/ohdonggyu/Documents/study/KimEnKor_Spring/SpringbootStudy/core/build/classes/java/main/hello/core/discount/RateDiscountPolicy.class]
19:04:15.939 [Test worker] DEBUG o.s.c.a.ClassPathBeanDefinitionScanner -- Identified candidate component class: file [/Users/ohdonggyu/Documents/study/KimEnKor_Spring/SpringbootStudy/core/build/classes/java/main/hello/core/member/MemberServiceImpl.class]
19:04:15.939 [Test worker] DEBUG o.s.c.a.ClassPathBeanDefinitionScanner -- Identified candidate component class: file [/Users/ohdonggyu/Documents/study/KimEnKor_Spring/SpringbootStudy/core/build/classes/java/main/hello/core/member/MemoryMemberRepository.class]
19:04:15.940 [Test worker] DEBUG o.s.c.a.ClassPathBeanDefinitionScanner -- Identified candidate component class: file [/Users/ohdonggyu/Documents/study/KimEnKor_Spring/SpringbootStudy/core/build/classes/java/main/hello/core/order/OrderServiceImpl.class]
19:04:15.947 [Test worker] DEBUG o.s.b.f.s.DefaultListableBeanFactory -- Overriding bean definition for bean 'memoryMemberRepository' with a different definition: replacing [Generic bean: class=hello.core.member.MemoryMemberRepository; scope=singleton; abstract=false; lazyInit=null; autowireMode=0; dependencyCheck=0; autowireCandidate=true; primary=false; fallback=false; factoryBeanName=null; factoryMethodName=null; initMethodNames=null; destroyMethodNames=null; defined in file [/Users/ohdonggyu/Documents/study/KimEnKor_Spring/SpringbootStudy/core/build/classes/java/main/hello/core/member/MemoryMemberRepository.class]] with [Root bean: class=null; scope=; abstract=false; lazyInit=null; autowireMode=3; dependencyCheck=0; autowireCandidate=true; primary=false; fallback=false; factoryBeanName=autoAppConfig; factoryMethodName=memoryMemberRepository; initMethodNames=null; destroyMethodNames=[(inferred)]; defined in hello.core.AutoAppConfig]
19:04:15.987 [Test worker] DEBUG o.s.b.f.s.DefaultListableBeanFactory -- Creating shared instance of singleton bean 'org.springframework.context.event.internalEventListenerProcessor'
19:04:15.988 [Test worker] DEBUG o.s.b.f.s.DefaultListableBeanFactory -- Creating shared instance of singleton bean 'org.springframework.context.event.internalEventListenerFactory'
19:04:15.989 [Test worker] DEBUG o.s.b.f.s.DefaultListableBeanFactory -- Creating shared instance of singleton bean 'org.springframework.context.annotation.internalAutowiredAnnotationProcessor'
19:04:15.989 [Test worker] DEBUG o.s.b.f.s.DefaultListableBeanFactory -- Creating shared instance of singleton bean 'org.springframework.context.annotation.internalCommonAnnotationProcessor'
19:04:15.993 [Test worker] DEBUG o.s.b.f.s.DefaultListableBeanFactory -- Creating shared instance of singleton bean 'autoAppConfig'
19:04:15.995 [Test worker] DEBUG o.s.b.f.s.DefaultListableBeanFactory -- Creating shared instance of singleton bean 'rateDiscountPolicy'
19:04:15.996 [Test worker] DEBUG o.s.b.f.s.DefaultListableBeanFactory -- Creating shared instance of singleton bean 'memberServiceImpl'
19:04:16.000 [Test worker] DEBUG o.s.b.f.s.DefaultListableBeanFactory -- Creating shared instance of singleton bean 'memoryMemberRepository'
19:04:16.001 [Test worker] DEBUG o.s.b.f.s.DefaultListableBeanFactory -- Autowiring by type from bean name 'memberServiceImpl' via constructor to bean named 'memoryMemberRepository'
19:04:16.005 [Test worker] DEBUG o.s.b.f.s.DefaultListableBeanFactory -- Creating shared instance of singleton bean 'orderServiceImpl'
19:04:16.005 [Test worker] DEBUG o.s.b.f.s.DefaultListableBeanFactory -- Autowiring by type from bean name 'orderServiceImpl' via constructor to bean named 'memoryMemberRepository'
19:04:16.005 [Test worker] DEBUG o.s.b.f.s.DefaultListableBeanFactory -- Autowiring by type from bean name 'orderServiceImpl' via constructor to bean named 'rateDiscountPolicy'
]]></system-out>
  <system-err><![CDATA[]]></system-err>
</testsuite>
