<?xml version="1.0" encoding="UTF-8"?>
<testsuite name="hello.core.singleton.SingletonTest" tests="3" skipped="0" failures="0" errors="0" timestamp="2025-06-07T08:05:22.959Z" hostname="odong-gyus-MacBook-Air.local" time="0.009">
  <properties/>
  <testcase name="스프링 없는 순수한 DI 컨테이너" classname="hello.core.singleton.SingletonTest" time="0.001"/>
  <testcase name="싱글톤 패턴을 적용한 객체 사용" classname="hello.core.singleton.SingletonTest" time="0.0"/>
  <testcase name="스프링 컨테이너와 싱글톤" classname="hello.core.singleton.SingletonTest" time="0.007"/>
  <system-out><![CDATA[call AppConfig.memberService
call AppConfig.memberRepository
call AppConfig.memberService
call AppConfig.memberRepository
memberService1 = hello.core.member.MemberServiceImpl@7f0a133d
memberService2 = hello.core.member.MemberServiceImpl@241fbec
singletonService1 = hello.core.singleton.SingletonService@644a3add
singletonService2 = hello.core.singleton.SingletonService@644a3add
싱글톤 객체 로직 호출
call AppConfig.memberService
call AppConfig.memberRepository
call AppConfig.orderService
memberService1 = hello.core.member.MemberServiceImpl@1213ffbc
memberService2 = hello.core.member.MemberServiceImpl@1213ffbc
]]></system-out>
  <system-err><![CDATA[]]></system-err>
</testsuite>
