<?xml version="1.0" encoding="UTF-8"?>
<testsuite name="hello.core.member.MemberServiceTest" tests="1" skipped="0" failures="0" errors="0" timestamp="2025-06-09T07:04:04.468Z" hostname="odong-gyus-MacBook-Air.local" time="0.002">
  <properties/>
  <testcase name="join()" classname="hello.core.member.MemberServiceTest" time="0.002"/>
  <system-out><![CDATA[call AppConfig.memberService
call AppConfig.memberRepository
]]></system-out>
  <system-err><![CDATA[]]></system-err>
</testsuite>
