<?xml version="1.0" encoding="UTF-8"?>
<testsuite name="hello.core.beanfind.ApplicationContextInfoTest" tests="2" skipped="0" failures="0" errors="0" timestamp="2025-06-07T08:05:22.914Z" hostname="odong-gyus-MacBook-Air.local" time="0.005">
  <properties/>
  <testcase name="애플리케이션 빈 출력하기" classname="hello.core.beanfind.ApplicationContextInfoTest" time="0.0"/>
  <testcase name="모든 빈 출력하기" classname="hello.core.beanfind.ApplicationContextInfoTest" time="0.001"/>
  <system-out><![CDATA[call AppConfig.memberService
call AppConfig.memberRepository
call AppConfig.orderService
name = appConfig object = hello.core.AppConfig$$SpringCGLIB$$0@1e98b788
name = memberService object = hello.core.member.MemberServiceImpl@794eeaf8
name = memberRepository object = hello.core.member.MemoryMemberRepository@37c5284a
name = orderService object = hello.core.order.OrderServiceImpl@5b8572df
name = discountPolicy object = hello.core.discount.RateDiscountPolicy@7aaad0
call AppConfig.memberService
call AppConfig.memberRepository
call AppConfig.orderService
name = org.springframework.context.annotation.internalConfigurationAnnotationProcessor object = org.springframework.context.annotation.ConfigurationClassPostProcessor@38588dea
name = org.springframework.context.annotation.internalAutowiredAnnotationProcessor object = org.springframework.beans.factory.annotation.AutowiredAnnotationBeanPostProcessor@553d2579
name = org.springframework.context.annotation.internalCommonAnnotationProcessor object = org.springframework.context.annotation.CommonAnnotationBeanPostProcessor@2a8f6e6
name = org.springframework.context.event.internalEventListenerProcessor object = org.springframework.context.event.EventListenerMethodProcessor@1ac730cd
name = org.springframework.context.event.internalEventListenerFactory object = org.springframework.context.event.DefaultEventListenerFactory@668cc9a2
name = appConfig object = hello.core.AppConfig$$SpringCGLIB$$0@5aa62ee7
name = memberService object = hello.core.member.MemberServiceImpl@1f7cec93
name = memberRepository object = hello.core.member.MemoryMemberRepository@3c9ef6e9
name = orderService object = hello.core.order.OrderServiceImpl@3cdff901
name = discountPolicy object = hello.core.discount.RateDiscountPolicy@57e5396b
]]></system-out>
  <system-err><![CDATA[]]></system-err>
</testsuite>
