<?xml version="1.0" encoding="UTF-8"?>
<testsuite name="hello.core.discount.RateDiscountPolicyTest" tests="2" skipped="0" failures="0" errors="0" timestamp="2025-06-09T07:04:04.465Z" hostname="odong-gyus-MacBook-Air.local" time="0.001">
  <properties/>
  <testcase name="VIP는 10% 할인이 적용되어야 한다." classname="hello.core.discount.RateDiscountPolicyTest" time="0.0"/>
  <testcase name="VIP가 아니면 할인이 적용되지 않아야 한다." classname="hello.core.discount.RateDiscountPolicyTest" time="0.0"/>
  <system-out><![CDATA[]]></system-out>
  <system-err><![CDATA[]]></system-err>
</testsuite>
